2025-05-05 19:16:14,803 - main - INFO - Initializing database...
2025-05-05 19:16:14,807 - main - INFO - Database initialization complete
2025-05-05 19:16:23,570 - main - INFO - Initializing database...
2025-05-05 19:16:23,571 - main - INFO - Database initialization complete
2025-05-05 19:16:23,571 - main - INFO - Running data pipeline for 7 days ahead...
2025-05-05 19:16:23,571 - pipeline - INFO - Starting full pipeline run...
2025-05-05 19:16:23,571 - pipeline - INFO - Scraping match data for next 7 days...
2025-05-05 19:16:23,579 - WDM - INFO - ====== WebDriver manager ======
2025-05-05 19:16:23,693 - WDM - INFO - Get LATEST chromedriver version for google-chrome
2025-05-05 19:16:23,781 - WDM - INFO - Get LATEST chromedriver version for google-chrome
2025-05-05 19:16:23,847 - WDM - INFO - Get LATEST chromedriver version for google-chrome
2025-05-05 19:16:24,003 - WDM - INFO - WebDriver version 135.0.7049.114 selected
2025-05-05 19:16:24,005 - WDM - INFO - Modern chrome version https://storage.googleapis.com/chrome-for-testing-public/135.0.7049.114/mac-arm64/chromedriver-mac-arm64.zip
2025-05-05 19:16:24,005 - WDM - INFO - About to download new driver from https://storage.googleapis.com/chrome-for-testing-public/135.0.7049.114/mac-arm64/chromedriver-mac-arm64.zip
2025-05-05 19:16:24,053 - WDM - INFO - Driver downloading response is 200
2025-05-05 19:16:24,622 - WDM - INFO - Get LATEST chromedriver version for google-chrome
2025-05-05 19:16:24,718 - WDM - INFO - Driver has been saved in cache [/Users/osegonte/.wdm/drivers/chromedriver/mac64/135.0.7049.114]
2025-05-05 19:16:56,326 - pipeline - INFO - Match scraping completed: {'days_processed': 8, 'total_matches': 2793}
2025-05-05 19:16:56,327 - pipeline - INFO - Processing match data to extract team information...
2025-05-05 19:16:56,352 - pipeline - INFO - Team data processing completed: {'files': 8, 'matches': 0, 'teams': 0, 'leagues': 0}
2025-05-05 19:16:56,353 - pipeline - INFO - Preparing team list for team data scraping...
2025-05-05 19:16:56,354 - pipeline - INFO - Prepared 0 teams for scraping
2025-05-05 19:16:56,354 - pipeline - INFO - Pipeline completed successfully: {'matches_scraped': 2793, 'files_created': 8, 'matches_processed': 0, 'teams_extracted': 0, 'leagues_extracted': 0, 'teams_to_scrape': 0}
2025-05-05 19:16:56,354 - main - INFO - Pipeline execution complete: {'matches_scraped': 2793, 'files_created': 8, 'matches_processed': 0, 'teams_extracted': 0, 'leagues_extracted': 0, 'teams_to_scrape': 0}
2025-05-05 19:16:56,354 - main - INFO - Starting scheduler with 12 hour interval...
2025-05-05 19:16:56,354 - main - INFO - Starting web dashboard...
2025-05-05 19:16:56,354 - scheduler - INFO - Scheduling pipeline run every 12 hours
2025-05-05 19:16:56,354 - scheduler - INFO - Starting scheduler...
2025-05-05 19:16:56,354 - scheduler - INFO - Running scheduled pipeline job...
2025-05-05 19:16:56,354 - pipeline - INFO - Starting full pipeline run...
